<?xml version="1.0" encoding="UTF-8"?>
<!-- Generated by org.testng.reporters.JUnitReportReporter -->
<testsuite hostname="LAPTOP-A6SRPP53" failures="0" tests="4" name="TestRunner.TestRun" time="17.538" errors="4" timestamp="2023-10-16T19:29:36 EDT" skipped="0">
  <testcase classname="TestRunner.TestRun" name="runScenario" time="6.087">
    <error message="Cannot invoke &quot;org.openqa.selenium.WebElement.clear()&quot; because &quot;this.Username&quot; is null" type="java.lang.NullPointerException">
      <![CDATA[java.lang.NullPointerException: Cannot invoke "org.openqa.selenium.WebElement.clear()" because "this.Username" is null
at PageObject.LoginPage.enterEmail(LoginPage.java:31)
at StepDefinition.StepDef.user_enter_username_as_as_and_password_as(StepDef.java:29)
at ✽.User enter Username as "Admin" as and password as "admin123"(file:///C:/Users/akkar/eclipse-workspace/CucumberFramework/./Features/LoginFeature.feature:6)
]]>
    </error>
  </testcase> <!-- runScenario -->
  <system-out/>
  <testcase classname="TestRunner.TestRun" name="runScenario" time="5.368">
    <error message="Cannot invoke &quot;org.openqa.selenium.WebElement.clear()&quot; because &quot;this.Username&quot; is null" type="java.lang.NullPointerException">
      <![CDATA[java.lang.NullPointerException: Cannot invoke "org.openqa.selenium.WebElement.clear()" because "this.Username" is null
at PageObject.LoginPage.enterEmail(LoginPage.java:31)
at StepDefinition.StepDef.user_enter_username_as_as_and_password_as(StepDef.java:29)
at ✽.User enter Username as "Test" as and password as "admin123"(file:///C:/Users/akkar/eclipse-workspace/CucumberFramework/./Features/LoginFeature.feature:16)
]]>
    </error>
  </testcase> <!-- runScenario -->
  <system-out/>
  <testcase classname="TestRunner.TestRun" name="runScenario" time="5.001">
    <error message="Cannot invoke &quot;org.openqa.selenium.WebElement.clear()&quot; because &quot;this.Username&quot; is null" type="java.lang.NullPointerException">
      <![CDATA[java.lang.NullPointerException: Cannot invoke "org.openqa.selenium.WebElement.clear()" because "this.Username" is null
at PageObject.LoginPage.enterEmail(LoginPage.java:31)
at StepDefinition.StepDef.user_enter_username_as_as_and_password_as(StepDef.java:29)
at ✽.User enter Username as "Admin" as and password as "admin123"(file:///C:/Users/akkar/eclipse-workspace/CucumberFramework/./Features/LoginFeature.feature:16)
]]>
    </error>
  </testcase> <!-- runScenario -->
  <system-out/>
  <testcase classname="TestRunner.TestRun" name="runScenario" time="1.082">
    <error message="Cannot invoke &quot;org.openqa.selenium.WebDriver.get(String)&quot; because &quot;this.driver&quot; is null" type="java.lang.NullPointerException">
      <![CDATA[java.lang.NullPointerException: Cannot invoke "org.openqa.selenium.WebDriver.get(String)" because "this.driver" is null
at StepDefinition.StepDefRegistration.user_open_the_url(StepDefRegistration.java:14)
at ✽.User open the URL "https://demoqa.com/"(file:///C:/Users/akkar/eclipse-workspace/CucumberFramework/./Features/Registration.feature:5)
]]>
    </error>
  </testcase> <!-- runScenario -->
  <system-out/>
</testsuite> <!-- TestRunner.TestRun -->
